<?xml version="1.0" encoding="UTF-8"?>
<!-- Generated by org.testng.reporters.JUnitXMLReporter -->
<testsuite ignored="0" hostname="Naveens-MacBook-Air.local" failures="0" tests="1" name="Test2" time="189.869" errors="0" timestamp="2024-05-04T16:32:59 IST">
  <testcase classname="com.EmpMonitor.genrics.BasePropCls" name="@BeforeMethod Login" time="180.013">
    <failure type="org.openqa.selenium.TimeoutException" message="java.net.http.HttpTimeoutException: request timed out
Build info: version: &amp;apos;4.19.1&amp;apos;, revision: &amp;apos;abe0ee07dc&amp;apos;
System info: os.name: &amp;apos;Mac OS X&amp;apos;, os.arch: &amp;apos;x86_64&amp;apos;, os.version: &amp;apos;12.7.4&amp;apos;, java.version: &amp;apos;20.0.1&amp;apos;
Driver info: org.openqa.selenium.safari.SafariDriver
Command: [F85A759A-474E-4717-8037-CE1BBEDFF73C, get {url=https://app.dev.empmonitor.com/amember/member}]
Capabilities {acceptInsecureCerts: false, browserName: Safari, browserVersion: 17.4.1, platformName: mac, safari:automaticInspection: false, safari:automaticProfiling: false, safari:diagnose: false, safari:platformBuildVersion: 21H1123, safari:platformVersion: 12.7.4, safari:useSimulator: false, setWindowRect: true, strictFileInteractability: false, webkit:WebRTC: {DisableICECandidateFiltering: false, DisableInsecureMediaCapture: false}}
Session ID: F85A759A-474E-4717-8037-CE1BBEDFF73C">
      <![CDATA[org.openqa.selenium.TimeoutException: java.net.http.HttpTimeoutException: request timed out
Build info: version: '4.19.1', revision: 'abe0ee07dc'
System info: os.name: 'Mac OS X', os.arch: 'x86_64', os.version: '12.7.4', java.version: '20.0.1'
Driver info: org.openqa.selenium.safari.SafariDriver
Command: [F85A759A-474E-4717-8037-CE1BBEDFF73C, get {url=https://app.dev.empmonitor.com/amember/member}]
Capabilities {acceptInsecureCerts: false, browserName: Safari, browserVersion: 17.4.1, platformName: mac, safari:automaticInspection: false, safari:automaticProfiling: false, safari:diagnose: false, safari:platformBuildVersion: 21H1123, safari:platformVersion: 12.7.4, safari:useSimulator: false, setWindowRect: true, strictFileInteractability: false, webkit:WebRTC: {DisableICECandidateFiltering: false, DisableInsecureMediaCapture: false}}
Session ID: F85A759A-474E-4717-8037-CE1BBEDFF73C
at org.openqa.selenium.remote.http.jdk.JdkHttpClient.execute0(JdkHttpClient.java:386)
at org.openqa.selenium.remote.http.AddSeleniumUserAgent.lambda$apply$0(AddSeleniumUserAgent.java:42)
at org.openqa.selenium.remote.http.Filter.lambda$andFinally$1(Filter.java:55)
at org.openqa.selenium.remote.http.jdk.JdkHttpClient.execute(JdkHttpClient.java:352)
at org.openqa.selenium.remote.HttpCommandExecutor.execute(HttpCommandExecutor.java:187)
at org.openqa.selenium.remote.service.DriverCommandExecutor.invokeExecute(DriverCommandExecutor.java:216)
at org.openqa.selenium.remote.service.DriverCommandExecutor.execute(DriverCommandExecutor.java:174)
at org.openqa.selenium.remote.RemoteWebDriver.execute(RemoteWebDriver.java:518)
at org.openqa.selenium.remote.RemoteWebDriver.get(RemoteWebDriver.java:300)
at com.EmpMonitor.genrics.BasePropCls.Login(BasePropCls.java:52)
at java.base/java.util.ArrayList.forEach(ArrayList.java:1511)
at java.base/java.util.concurrent.FutureTask.run(FutureTask.java:317)
at java.base/java.util.concurrent.ThreadPoolExecutor.runWorker(ThreadPoolExecutor.java:1144)
at java.base/java.util.concurrent.ThreadPoolExecutor$Worker.run(ThreadPoolExecutor.java:642)
at java.base/java.lang.Thread.run(Thread.java:1623)
Caused by: java.net.http.HttpTimeoutException: request timed out
at java.net.http/jdk.internal.net.http.ResponseTimerEvent.handle(ResponseTimerEvent.java:63)
at java.net.http/jdk.internal.net.http.HttpClientImpl.purgeTimeoutsAndReturnNextDeadline(HttpClientImpl.java:1689)
at java.net.http/jdk.internal.net.http.HttpClientImpl$SelectorManager.run(HttpClientImpl.java:1299)
... Removed 20 stack frames]]>
    </failure>
  </testcase> <!-- @BeforeMethod Login -->
  <testcase classname="com.EmpMonitor.genrics.BasePropCls" name="@AfterMethod Logout" time="-1.714820573455E9">
    <skipped/>
  </testcase> <!-- @AfterMethod Logout -->
  <testcase classname="com.EmpMonitor.genrics.BasePropCls" name="@AfterClass CloseBrowser" time="-1.714820573458E9">
    <skipped/>
  </testcase> <!-- @AfterClass CloseBrowser -->
  <testcase classname="com.EmpMonitor.test.TestReports" name="ReportDownload" time="0.0">
    <skipped/>
  </testcase> <!-- ReportDownload -->
</testsuite> <!-- Test2 -->
