<?xml version="1.0" encoding="UTF-8"?>
<!-- Generated by org.testng.reporters.JUnitXMLReporter -->
<testsuite ignored="0" hostname="Naveens-MacBook-Air.local" failures="0" tests="4" name="Test" time="105.785" errors="0" timestamp="2024-05-01T20:38:04 IST">
  <testcase classname="com.EmpMonitor.genrics.BasePropCls" name="@AfterMethod Logout" time="10.38">
    <failure type="org.openqa.selenium.NoSuchElementException" message="no such element: Unable to locate element: {&amp;quot;method&amp;quot;:&amp;quot;link text&amp;quot;,&amp;quot;selector&amp;quot;:&amp;quot;Log Out&amp;quot;}
  (Session info: chrome=124.0.6367.94)
For documentation on this error, please visit: https://www.selenium.dev/documentation/webdriver/troubleshooting/errors#no-such-element-exception
Build info: version: &amp;apos;4.19.1&amp;apos;, revision: &amp;apos;abe0ee07dc&amp;apos;
System info: os.name: &amp;apos;Mac OS X&amp;apos;, os.arch: &amp;apos;x86_64&amp;apos;, os.version: &amp;apos;12.7.4&amp;apos;, java.version: &amp;apos;20.0.1&amp;apos;
Driver info: org.openqa.selenium.chrome.ChromeDriver
Command: [d8acd29685d32c3e18fa686da5febfe6, findElement {using=link text, value=Log Out}]
Capabilities {acceptInsecureCerts: false, browserName: chrome, browserVersion: 124.0.6367.94, chrome: {chromedriverVersion: 124.0.6367.91 (51df0e5e17a8..., userDataDir: /var/folders/br/6hn9bgfx0g1...}, fedcm:accounts: true, goog:chromeOptions: {debuggerAddress: localhost:60083}, networkConnectionEnabled: false, pageLoadStrategy: normal, platformName: mac, proxy: Proxy(), se:cdp: ws://localhost:60083/devtoo..., se:cdpVersion: 124.0.6367.94, setWindowRect: true, strictFileInteractability: false, timeouts: {implicit: 0, pageLoad: 300000, script: 30000}, unhandledPromptBehavior: dismiss and notify, webauthn:extension:credBlob: true, webauthn:extension:largeBlob: true, webauthn:extension:minPinLength: true, webauthn:extension:prf: true, webauthn:virtualAuthenticators: true}
Session ID: d8acd29685d32c3e18fa686da5febfe6">
      <![CDATA[org.openqa.selenium.NoSuchElementException: no such element: Unable to locate element: {"method":"link text","selector":"Log Out"}
  (Session info: chrome=124.0.6367.94)
For documentation on this error, please visit: https://www.selenium.dev/documentation/webdriver/troubleshooting/errors#no-such-element-exception
Build info: version: '4.19.1', revision: 'abe0ee07dc'
System info: os.name: 'Mac OS X', os.arch: 'x86_64', os.version: '12.7.4', java.version: '20.0.1'
Driver info: org.openqa.selenium.chrome.ChromeDriver
Command: [d8acd29685d32c3e18fa686da5febfe6, findElement {using=link text, value=Log Out}]
Capabilities {acceptInsecureCerts: false, browserName: chrome, browserVersion: 124.0.6367.94, chrome: {chromedriverVersion: 124.0.6367.91 (51df0e5e17a8..., userDataDir: /var/folders/br/6hn9bgfx0g1...}, fedcm:accounts: true, goog:chromeOptions: {debuggerAddress: localhost:60083}, networkConnectionEnabled: false, pageLoadStrategy: normal, platformName: mac, proxy: Proxy(), se:cdp: ws://localhost:60083/devtoo..., se:cdpVersion: 124.0.6367.94, setWindowRect: true, strictFileInteractability: false, timeouts: {implicit: 0, pageLoad: 300000, script: 30000}, unhandledPromptBehavior: dismiss and notify, webauthn:extension:credBlob: true, webauthn:extension:largeBlob: true, webauthn:extension:minPinLength: true, webauthn:extension:prf: true, webauthn:virtualAuthenticators: true}
Session ID: d8acd29685d32c3e18fa686da5febfe6
at org.openqa.selenium.remote.ErrorCodec.decode(ErrorCodec.java:167)
at org.openqa.selenium.remote.codec.w3c.W3CHttpResponseCodec.decode(W3CHttpResponseCodec.java:138)
at org.openqa.selenium.remote.codec.w3c.W3CHttpResponseCodec.decode(W3CHttpResponseCodec.java:50)
at org.openqa.selenium.remote.HttpCommandExecutor.execute(HttpCommandExecutor.java:190)
at org.openqa.selenium.remote.service.DriverCommandExecutor.invokeExecute(DriverCommandExecutor.java:216)
at org.openqa.selenium.remote.service.DriverCommandExecutor.execute(DriverCommandExecutor.java:174)
at org.openqa.selenium.remote.RemoteWebDriver.execute(RemoteWebDriver.java:518)
at org.openqa.selenium.remote.ElementLocation$ElementFinder$2.findElement(ElementLocation.java:165)
at org.openqa.selenium.remote.ElementLocation.findElement(ElementLocation.java:59)
at org.openqa.selenium.remote.RemoteWebDriver.findElement(RemoteWebDriver.java:355)
at org.openqa.selenium.remote.RemoteWebDriver.findElement(RemoteWebDriver.java:349)
at org.openqa.selenium.support.pagefactory.DefaultElementLocator.findElement(DefaultElementLocator.java:68)
at org.openqa.selenium.support.pagefactory.internal.LocatingElementHandler.invoke(LocatingElementHandler.java:38)
at jdk.proxy2/jdk.proxy2.$Proxy15.click(Unknown Source)
at com.EmpMonitor.genrics.BasePropCls.Logout(BasePropCls.java:59)
at java.base/java.util.ArrayList.forEach(ArrayList.java:1511)
... Removed 33 stack frames]]>
    </failure>
  </testcase> <!-- @AfterMethod Logout -->
  <testcase classname="com.EmpMonitor.genrics.BasePropCls" name="@AfterClass CloseBrowser" time="-1.714576084418E9">
    <skipped/>
  </testcase> <!-- @AfterClass CloseBrowser -->
  <testcase classname="com.EmpMonitor.test.Register" name="RegisterName" time="19.65"/>
  <testcase classname="com.EmpMonitor.test.EmpAttendance" name="EmployeAttendance" time="13.02"/>
  <testcase classname="com.EmpMonitor.test.TestTimesheet" name="timesheet" time="11.547"/>
  <testcase classname="com.EmpMonitor.test.TestTimeClaming" name="ClaimTest" time="13.4"/>
</testsuite> <!-- Test -->
