<?xml version="1.0" encoding="UTF-8"?>
<testng-results ignored="0" total="1" passed="1" failed="0" skipped="0">
  <reporter-output>
  </reporter-output>
  <suite started-at="2024-05-04T16:08:24 IST" name="Default suite" finished-at="2024-05-04T16:09:02 IST" duration-ms="37616">
    <groups>
    </groups>
    <test started-at="2024-05-04T16:08:24 IST" name="Default test" finished-at="2024-05-04T16:09:02 IST" duration-ms="37616">
      <class name="com.EmpMonitor.test.TestReports">
        <test-method is-config="true" signature="OpenBrowser()[pri:0, instance:com.EmpMonitor.test.TestReports@2ea227af]" started-at="2024-05-04T16:08:25 IST" name="OpenBrowser" finished-at="2024-05-04T16:08:28 IST" duration-ms="3778" status="PASS">
          <reporter-output>
          </reporter-output>
        </test-method> <!-- OpenBrowser -->
        <test-method is-config="true" signature="Login()[pri:0, instance:com.EmpMonitor.test.TestReports@2ea227af]" started-at="2024-05-04T16:08:28 IST" name="Login" finished-at="2024-05-04T16:08:33 IST" duration-ms="4293" status="PASS">
          <reporter-output>
          </reporter-output>
        </test-method> <!-- Login -->
        <test-method signature="ReportDownload()[pri:0, instance:com.EmpMonitor.test.TestReports@2ea227af]" started-at="2024-05-04T16:08:33 IST" name="ReportDownload" finished-at="2024-05-04T16:08:59 IST" duration-ms="26513" status="PASS">
          <reporter-output>
          </reporter-output>
        </test-method> <!-- ReportDownload -->
        <test-method is-config="true" signature="Logout()[pri:0, instance:com.EmpMonitor.test.TestReports@2ea227af]" started-at="2024-05-04T16:08:59 IST" name="Logout" finished-at="2024-05-04T16:09:02 IST" duration-ms="2620" status="PASS">
          <reporter-output>
          </reporter-output>
        </test-method> <!-- Logout -->
        <test-method is-config="true" signature="CloseBrowser()[pri:0, instance:com.EmpMonitor.test.TestReports@2ea227af]" started-at="2024-05-04T16:09:02 IST" name="CloseBrowser" finished-at="2024-05-04T16:09:02 IST" duration-ms="327" status="PASS">
          <reporter-output>
          </reporter-output>
        </test-method> <!-- CloseBrowser -->
      </class> <!-- com.EmpMonitor.test.TestReports -->
    </test> <!-- Default test -->
  </suite> <!-- Default suite -->
</testng-results>
